<?xml version="1.0" encoding="UTF-8"?>
<!-- Generated by org.testng.reporters.JUnitReportReporter -->
<testsuite skipped="0" hostname="DAIL17020" name="Examples.test.FirstTestNg" tests="1" failures="0" timestamp="2020-05-24T16:53:02 CDT" time="0.010" errors="0">
  <testcase name="add" time="0.010" classname="Examples.test.FirstTestNg"/>
  <system-out/>
</testsuite> <!-- Examples.test.FirstTestNg -->
